<?xml version="1.0" encoding="UTF-8"?>
<!-- Generated by org.testng.reporters.JUnitXMLReporter -->
<testsuite ignored="0" hostname="Shubham" failures="0" tests="3" name="Default test" time="20.482" errors="0" timestamp="2024-09-05T09:12:01 IST">
  <testcase classname="com.framework.YourStore.tests.LoginPageTest" name="navigateToLoginPageTest" time="0.994"/>
  <testcase classname="com.framework.YourStore.tests.LoginPageTest" name="urlTest" time="0.001"/>
  <testcase classname="com.framework.YourStore.tests.LoginPageTest" name="loginTest" time="5.797"/>
</testsuite> <!-- Default test -->
