<?xml version="1.0" encoding="UTF-8"?>
<!-- Generated by org.testng.reporters.JUnitXMLReporter -->
<testsuite ignored="0" hostname="Shubham" failures="0" tests="5" name="HomePage Tests" time="22.101" errors="0" timestamp="2024-09-05T07:47:04 IST">
  <testcase classname="com.framework.YourStore.tests.HomepageTest" name="urlTest" time="0.029"/>
  <testcase classname="com.framework.YourStore.tests.HomepageTest" name="titleTest" time="0.541"/>
  <testcase classname="com.framework.YourStore.tests.HomepageTest" name="searchTest" time="1.519"/>
  <testcase classname="com.framework.YourStore.tests.HomepageTest" name="searchTest" time="0.454"/>
  <testcase classname="com.framework.YourStore.tests.HomepageTest" name="searchTest" time="0.547"/>
</testsuite> <!-- HomePage Tests -->
