<?xml version="1.0" encoding="UTF-8"?>
<!-- Generated by org.testng.reporters.JUnitXMLReporter -->
<testsuite ignored="0" hostname="Shubham" failures="0" tests="5" name="HomePage Tests" time="15.811" errors="0" timestamp="2024-09-09T12:33:58 IST">
  <testcase classname="com.framework.YourStore.tests.HomepageTest" name="urlTest" time="0.022"/>
  <testcase classname="com.framework.YourStore.tests.HomepageTest" name="titleTest" time="0.006"/>
  <testcase classname="com.framework.YourStore.tests.HomepageTest" name="searchTest" time="0.449"/>
  <testcase classname="com.framework.YourStore.tests.HomepageTest" name="searchTest" time="0.743"/>
  <testcase classname="com.framework.YourStore.tests.HomepageTest" name="searchTest" time="0.437"/>
</testsuite> <!-- HomePage Tests -->
