<?xml version="1.0" encoding="UTF-8"?>
<testsuite xmlns:xsi="http://www.w3.org/2001/XMLSchema-instance" xsi:noNamespaceSchemaLocation="https://maven.apache.org/surefire/maven-surefire-plugin/xsd/surefire-test-report-3.0.xsd" version="3.0" name="TestSuite" time="21.707" tests="11" errors="0" skipped="0" failures="1">
  <properties>
[...]
</properties>
  <testcase name="urlTest" classname="com.framework.YourStore.tests.HomepageTest" time="0.143">
    <system-out><![CDATA[...
... TestNG 7.10.2 by Cédric Beust (cedric@beust.com)
...

Test Suite started!
Test Suite started!
Test Suite started!
urlTest started!
Page Url - https://naveenautomationlabs.com/opencart/
urlTest passed!
navigateToLoginPageTest started!
]]></system-out>
    <system-err><![CDATA[SLF4J: Failed to load class "org.slf4j.impl.StaticLoggerBinder".
SLF4J: Defaulting to no-operation (NOP) logger implementation
SLF4J: See http://www.slf4j.org/codes.html#StaticLoggerBinder for further details.
]]></system-err>
  </testcase>
  <testcase name="titleTest" classname="com.framework.YourStore.tests.HomepageTest" time="0.202">
    <system-out><![CDATA[navigateToRegisterPageTest started!
titleTest started!
Page Title - Your Store
titleTest passed!
]]></system-out>
  </testcase>
  <testcase name="searchTest[Macbook](1)" classname="com.framework.YourStore.tests.HomepageTest" time="0.231">
    <system-out><![CDATA[navigateToLoginPageTest passed!
]]></system-out>
  </testcase>
  <testcase name="searchTest[iPad](2)" classname="com.framework.YourStore.tests.HomepageTest" time="0.274">
    <system-out><![CDATA[doRegisterNewUserTest started!
loginTest started!
searchTest passed!
]]></system-out>
  </testcase>
  <testcase name="searchTest[samsung](3)" classname="com.framework.YourStore.tests.HomepageTest" time="0.621">
    <system-out><![CDATA[searchTest started!
searchTest passed!
]]></system-out>
  </testcase>
  <testcase name="navigateToRegisterPageTest" classname="com.framework.YourStore.tests.RegisterPageTest" time="0.795">
    <system-out><![CDATA[searchTest started!
Register Page Title - Register Account
navigateToRegisterPageTest passed!
Login Page Title - Account Login
searchTest passed!
]]></system-out>
  </testcase>
  <testcase name="pageUrlTest" classname="com.framework.YourStore.tests.RegisterPageTest" time="0.154">
    <system-out><![CDATA[pageUrlTest started!
Register Page Url - https://naveenautomationlabs.com/opencart/index.php?route=account/register
pageUrlTest passed!
urlTest started!
]]></system-out>
  </testcase>
  <testcase name="doRegisterNewUserTest" classname="com.framework.YourStore.tests.RegisterPageTest" time="6.19">
    <failure message="expected [true] but found [false]" type="java.lang.AssertionError"><![CDATA[java.lang.AssertionError: expected [true] but found [false]
	at org.testng.Assert.fail(Assert.java:111)
	at org.testng.Assert.failNotEquals(Assert.java:1578)
	at org.testng.Assert.assertEqualsImpl(Assert.java:150)
	at org.testng.Assert.assertEquals(Assert.java:132)
	at org.testng.Assert.assertEquals(Assert.java:1067)
	at org.testng.Assert.assertEquals(Assert.java:1031)
	at org.testng.Assert.assertEquals(Assert.java:1077)
	at com.framework.YourStore.tests.RegisterPageTest.doRegisterNewUserTest(RegisterPageTest.java:35)
	at java.base/jdk.internal.reflect.NativeMethodAccessorImpl.invoke0(Native Method)
	at java.base/jdk.internal.reflect.NativeMethodAccessorImpl.invoke(NativeMethodAccessorImpl.java:77)
	at java.base/jdk.internal.reflect.DelegatingMethodAccessorImpl.invoke(DelegatingMethodAccessorImpl.java:43)
	at java.base/java.lang.reflect.Method.invoke(Method.java:568)
	at org.testng.internal.invokers.MethodInvocationHelper.invokeMethod(MethodInvocationHelper.java:141)
	at org.testng.internal.invokers.TestInvoker.invokeMethod(TestInvoker.java:686)
	at org.testng.internal.invokers.TestInvoker.invokeTestMethod(TestInvoker.java:230)
	at org.testng.internal.invokers.MethodRunner.runInSequence(MethodRunner.java:63)
	at org.testng.internal.invokers.TestInvoker$MethodInvocationAgent.invoke(TestInvoker.java:992)
	at org.testng.internal.invokers.TestInvoker.invokeTestMethods(TestInvoker.java:203)
	at org.testng.internal.invokers.TestMethodWorker.invokeTestMethods(TestMethodWorker.java:154)
	at org.testng.internal.invokers.TestMethodWorker.run(TestMethodWorker.java:134)
	at java.base/java.util.ArrayList.forEach(ArrayList.java:1511)
	at org.testng.TestRunner.privateRun(TestRunner.java:739)
	at org.testng.TestRunner.run(TestRunner.java:614)
	at org.testng.SuiteRunner.runTest(SuiteRunner.java:421)
	at org.testng.SuiteRunner$SuiteWorker.run(SuiteRunner.java:463)
	at org.testng.internal.thread.ThreadUtil.lambda$execute$0(ThreadUtil.java:64)
	at java.base/java.util.concurrent.FutureTask.run(FutureTask.java:264)
	at java.base/java.util.concurrent.ThreadPoolExecutor.runWorker(ThreadPoolExecutor.java:1136)
	at java.base/java.util.concurrent.ThreadPoolExecutor$Worker.run(ThreadPoolExecutor.java:635)
	at java.base/java.lang.Thread.run(Thread.java:840)
]]></failure>
    <system-out><![CDATA[Test Suite is ending!
false
doRegisterNewUserTest failed!
]]></system-out>
  </testcase>
  <testcase name="navigateToLoginPageTest" classname="com.framework.YourStore.tests.LoginPageTest" time="0.329">
    <system-out><![CDATA[searchTest started!
]]></system-out>
  </testcase>
  <testcase name="urlTest" classname="com.framework.YourStore.tests.LoginPageTest" time="0.136">
    <system-out><![CDATA[Login Page Url - https://naveenautomationlabs.com/opencart/index.php?route=account/login
urlTest passed!
]]></system-out>
  </testcase>
  <testcase name="loginTest" classname="com.framework.YourStore.tests.LoginPageTest" time="4.536">
    <system-out><![CDATA[Test Suite is ending!
Login Successful.
loginTest passed!
]]></system-out>
  </testcase>
</testsuite>