<?xml version="1.0" encoding="UTF-8"?>
<testng-results ignored="0" total="3" passed="3" failed="0" skipped="0">
  <reporter-output>
  </reporter-output>
  <suite started-at="2024-09-05T09:11:40 IST" name="Default suite" finished-at="2024-09-05T09:12:01 IST" duration-ms="20482">
    <groups>
    </groups>
    <test started-at="2024-09-05T09:11:40 IST" name="Default test" finished-at="2024-09-05T09:12:01 IST" duration-ms="20482">
      <class name="com.framework.YourStore.tests.LoginPageTest">
        <test-method is-config="true" signature="setup()[pri:0, instance:com.framework.YourStore.tests.LoginPageTest@5acf93bb]" started-at="2024-09-05T09:11:40 IST" name="setup" finished-at="2024-09-05T09:11:54 IST" duration-ms="13184" status="PASS">
          <reporter-output>
          </reporter-output>
        </test-method> <!-- setup -->
        <test-method signature="navigateToLoginPageTest()[pri:1, instance:com.framework.YourStore.tests.LoginPageTest@5acf93bb]" started-at="2024-09-05T09:11:54 IST" name="navigateToLoginPageTest" finished-at="2024-09-05T09:11:55 IST" duration-ms="994" status="PASS">
          <reporter-output>
          </reporter-output>
        </test-method> <!-- navigateToLoginPageTest -->
        <test-method signature="urlTest()[pri:2, instance:com.framework.YourStore.tests.LoginPageTest@5acf93bb]" started-at="2024-09-05T09:11:55 IST" name="urlTest" finished-at="2024-09-05T09:11:55 IST" duration-ms="1" status="PASS">
          <reporter-output>
          </reporter-output>
        </test-method> <!-- urlTest -->
        <test-method signature="loginTest()[pri:3, instance:com.framework.YourStore.tests.LoginPageTest@5acf93bb]" started-at="2024-09-05T09:11:55 IST" name="loginTest" finished-at="2024-09-05T09:12:00 IST" duration-ms="5797" status="PASS">
          <reporter-output>
          </reporter-output>
        </test-method> <!-- loginTest -->
        <test-method is-config="true" signature="tearDown()[pri:0, instance:com.framework.YourStore.tests.LoginPageTest@5acf93bb]" started-at="2024-09-05T09:12:00 IST" name="tearDown" finished-at="2024-09-05T09:12:01 IST" duration-ms="432" status="PASS">
          <reporter-output>
          </reporter-output>
        </test-method> <!-- tearDown -->
      </class> <!-- com.framework.YourStore.tests.LoginPageTest -->
    </test> <!-- Default test -->
  </suite> <!-- Default suite -->
</testng-results>
